0 info it worked if it ends with ok
1 verbose cli [ '/usr/local/Cellar/node/5.7.0/bin/node',
1 verbose cli   '/usr/local/bin/npm',
1 verbose cli   'run',
1 verbose cli   'serve' ]
2 info using npm@3.6.0
3 info using node@v5.7.0
4 verbose run-script [ 'preserve', 'serve', 'postserve' ]
5 info lifecycle 05-form-modal@1.0.0~preserve: 05-form-modal@1.0.0
6 silly lifecycle 05-form-modal@1.0.0~preserve: no script for preserve, continuing
7 info lifecycle 05-form-modal@1.0.0~serve: 05-form-modal@1.0.0
8 verbose lifecycle 05-form-modal@1.0.0~serve: unsafe-perm in lifecycle true
9 verbose lifecycle 05-form-modal@1.0.0~serve: PATH: /usr/local/lib/node_modules/npm/bin/node-gyp-bin:/Users/andersolavessen/IronYard/week-02/05-form-modal/node_modules/.bin:/usr/local/bin:/usr/bin:/bin:/usr/sbin:/sbin
10 verbose lifecycle 05-form-modal@1.0.0~serve: CWD: /Users/andersolavessen/IronYard/week-02/05-form-modal
11 silly lifecycle 05-form-modal@1.0.0~serve: Args: [ '-c', 'broccoli-lr serve' ]
12 silly lifecycle 05-form-modal@1.0.0~serve: Returned: code: 1  signal: null
13 info lifecycle 05-form-modal@1.0.0~serve: Failed to exec serve script
14 verbose stack Error: 05-form-modal@1.0.0 serve: `broccoli-lr serve`
14 verbose stack Exit status 1
14 verbose stack     at EventEmitter.<anonymous> (/usr/local/lib/node_modules/npm/lib/utils/lifecycle.js:232:16)
14 verbose stack     at emitTwo (events.js:100:13)
14 verbose stack     at EventEmitter.emit (events.js:185:7)
14 verbose stack     at ChildProcess.<anonymous> (/usr/local/lib/node_modules/npm/lib/utils/spawn.js:24:14)
14 verbose stack     at emitTwo (events.js:100:13)
14 verbose stack     at ChildProcess.emit (events.js:185:7)
14 verbose stack     at maybeClose (internal/child_process.js:827:16)
14 verbose stack     at Process.ChildProcess._handle.onexit (internal/child_process.js:211:5)
15 verbose pkgid 05-form-modal@1.0.0
16 verbose cwd /Users/andersolavessen/IronYard/week-02/05-form-modal
17 error Darwin 15.3.0
18 error argv "/usr/local/Cellar/node/5.7.0/bin/node" "/usr/local/bin/npm" "run" "serve"
19 error node v5.7.0
20 error npm  v3.6.0
21 error code ELIFECYCLE
22 error 05-form-modal@1.0.0 serve: `broccoli-lr serve`
22 error Exit status 1
23 error Failed at the 05-form-modal@1.0.0 serve script 'broccoli-lr serve'.
23 error Make sure you have the latest version of node.js and npm installed.
23 error If you do, this is most likely a problem with the 05-form-modal package,
23 error not with npm itself.
23 error Tell the author that this fails on your system:
23 error     broccoli-lr serve
23 error You can get information on how to open an issue for this project with:
23 error     npm bugs 05-form-modal
23 error Or if that isn't available, you can get their info via:
23 error     npm owner ls 05-form-modal
23 error There is likely additional logging output above.
24 verbose exit [ 1, true ]
